[PriceManager] Loading from /Users/cdi/Documents/Github/pacman/data/pacman_data_raw.json (46 pools)...
Skipping blacklisted pool WBTC[HTS]<->HBAR
Skipping blacklisted pool HBAR<->HTS-WBTC
Loaded 42 unique pools into routing graph.
[PluginManager] Scanning for plugins...
==================================================
🤖 Power Law Rebalancer Bot initialized
   Model: HEARTBEAT
   Threshold: 15.0%
   Interval: 3600s
   Simulate: False
==================================================
[PluginManager] Registered: PowerLaw
[LimitOrder] Loaded 1 orders (0 active).
[PluginManager] Registered: LimitOrders
[PluginManager] Registered: BackupService
----------------------------------------
[Plugin:PowerLaw] Started.
🤖 Checking portfolio...
[Plugin:LimitOrders] Started.
[Plugin:BackupService] Started.
[BackupService] Creating snapshot: pacman_backup_20260308_201817.zip
[BackupService] Snapshot complete.
🚀 Pacman API starting on http://127.0.0.1:8088
   [OpenClaw Integration] 📈 Chart Endpoint: http://127.0.0.1:8088/chart.png?secret=pm_sec_a3b9c8d7e6f5a4b3c2d1e0f9a8b7c6d5
  [1m🤖 Pacman Daemon Mode[0m
  ─────────────────────────────────────────────
  [92m✓[0m Plugin started: PowerLaw
  [92m✓[0m Plugin started: LimitOrders
  [92m✓[0m Plugin started: BackupService

  [37mDaemon alive. Ctrl-C or kill PID to stop.[0m
  [37mPID: 2186[0m
 * Serving Flask app 'src.core.api'
 * Debug mode: off
   💰 Portfolio: $0.00 | HBAR: 1.00ℏ
   ⛽ HBAR low (1.00). Attempting top-up from parent...
   💸 Current HBAR price: $0.0969. Targeting $1.00 top-up (10.3 HBAR)...

💸 Initiating Transfer: 10.3 HBAR -> 0.0.10289160
   Memo: Robot Gas Top-up ($1 USD)
   EVM Recipient: 0x00000000000000000000000000000000009D0008
   📡 Sending HBAR via JSON-RPC...
   ⚠️  [Simulated] Skipping HBAR broadcast.
   ⚠️  [Simulated] Would top up robot with 10.3 HBAR.
   ⚠️ HBAR too low for gas: 1.00 < 5.0
   ⏳ PowerLaw in retry mode: checking again in 60s
----------------------------------------
🤖 Checking portfolio...
   💰 Portfolio: $0.00 | HBAR: 1.00ℏ
   ⛽ HBAR low (1.00). Attempting top-up from parent...
   💸 Current HBAR price: $0.0969. Targeting $1.00 top-up (10.3 HBAR)...

💸 Initiating Transfer: 10.3 HBAR -> 0.0.10289160
   Memo: Robot Gas Top-up ($1 USD)
   EVM Recipient: 0x00000000000000000000000000000000009D0008
   📡 Sending HBAR via JSON-RPC...
   ⚠️  [Simulated] Skipping HBAR broadcast.
   ⚠️  [Simulated] Would top up robot with 10.3 HBAR.
   ⚠️ HBAR too low for gas: 1.00 < 5.0
   ⏳ PowerLaw in retry mode: checking again in 60s
----------------------------------------
🤖 Checking portfolio...
   💰 Portfolio: $0.00 | HBAR: 1.00ℏ
   ⛽ HBAR low (1.00). Attempting top-up from parent...
   💸 Current HBAR price: $0.0969. Targeting $1.00 top-up (10.3 HBAR)...

💸 Initiating Transfer: 10.3 HBAR -> 0.0.10289160
   Memo: Robot Gas Top-up ($1 USD)
   EVM Recipient: 0x00000000000000000000000000000000009D0008
   📡 Sending HBAR via JSON-RPC...
   ⚠️  [Simulated] Skipping HBAR broadcast.
   ⚠️  [Simulated] Would top up robot with 10.3 HBAR.
   ⚠️ HBAR too low for gas: 1.00 < 5.0
   ⏳ PowerLaw in retry mode: checking again in 60s
----------------------------------------
🤖 Checking portfolio...
   💰 Portfolio: $0.00 | HBAR: 1.00ℏ
   ⛽ HBAR low (1.00). Attempting top-up from parent...
   💸 Current HBAR price: $0.0969. Targeting $1.00 top-up (10.3 HBAR)...

💸 Initiating Transfer: 10.3 HBAR -> 0.0.10289160
   Memo: Robot Gas Top-up ($1 USD)
   EVM Recipient: 0x00000000000000000000000000000000009D0008
   📡 Sending HBAR via JSON-RPC...
   ⚠️  [Simulated] Skipping HBAR broadcast.
   ⚠️  [Simulated] Would top up robot with 10.3 HBAR.
   ⚠️ HBAR too low for gas: 1.00 < 5.0
   ⏳ PowerLaw in retry mode: checking again in 60s
