2026-02-14 06:17:53 | pacman | INFO | Loaded 44 unique pools from pacman_data_raw.json
2026-02-14 06:18:01 | pacman | INFO | Loaded 44 unique pools from pacman_data_raw.json
2026-02-14 06:18:03 | pacman | INFO | ✅ PacmanExecutor initialized
2026-02-14 06:18:03 | pacman | INFO |    Hedera Account: 0.0.8213379 (Native ID)
2026-02-14 06:18:03 | pacman | INFO |    EVM Address:    0x76D2580A07Eebaa790a286df2BD1f8b13655C5fa (Ethereum Mirror)
2026-02-14 06:18:03 | pacman | INFO |    Network:        mainnet
2026-02-14 06:18:08 | pacman | INFO | Loaded 44 unique pools from pacman_data_raw.json
2026-02-14 06:18:10 | pacman | INFO | ✅ PacmanExecutor initialized
2026-02-14 06:18:10 | pacman | INFO |    Hedera Account: 0.0.8213379 (Native ID)
2026-02-14 06:18:10 | pacman | INFO |    EVM Address:    0x76D2580A07Eebaa790a286df2BD1f8b13655C5fa (Ethereum Mirror)
2026-02-14 06:18:10 | pacman | INFO |    Network:        mainnet
2026-02-14 07:21:43 | pacman | INFO | Loaded 44 unique pools from pacman_data_raw.json
2026-02-14 07:26:37 | pacman | INFO | Loaded 44 unique pools from pacman_data_raw.json
2026-02-14 07:26:35 | pacman | INFO | Loaded 44 unique pools from pacman_data_raw.json
2026-02-14 07:26:41 | pacman | INFO | ✅ PacmanExecutor initialized
2026-02-14 07:26:41 | pacman | INFO |    Hedera Account: 0.0.8213379 (Native ID)
2026-02-14 07:26:41 | pacman | INFO |    EVM Address:    0x76D2580A07Eebaa790a286df2BD1f8b13655C5fa (Ethereum Mirror)
2026-02-14 07:26:41 | pacman | INFO |    Network:        mainnet
2026-02-14 07:27:03 | pacman | INFO | Loaded 44 unique pools from pacman_data_raw.json
2026-02-14 07:27:04 | pacman | INFO | ✅ PacmanExecutor initialized
2026-02-14 07:27:04 | pacman | INFO |    Hedera Account: 0.0.8213379 (Native ID)
2026-02-14 07:27:04 | pacman | INFO |    EVM Address:    0x76D2580A07Eebaa790a286df2BD1f8b13655C5fa (Ethereum Mirror)
2026-02-14 07:27:04 | pacman | INFO |    Network:        mainnet
2026-02-14 07:27:04 | pacman | INFO | ✅ PacmanExecutor initialized
2026-02-14 07:27:04 | pacman | INFO |    Hedera Account: 0.0.8213379 (Native ID)
2026-02-14 07:27:04 | pacman | INFO |    EVM Address:    0x76D2580A07Eebaa790a286df2BD1f8b13655C5fa (Ethereum Mirror)
2026-02-14 07:27:04 | pacman | INFO |    Network:        mainnet
2026-02-14 07:27:04 | pacman | INFO | 
💸 Initiating Transfer: 100.0 HBAR -> 0.0.12345
2026-02-14 07:27:04 | pacman | INFO |    EVM Recipient: 0x0000000000000000000000000000000000003039
2026-02-14 07:27:05 | pacman | INFO |    📡 Sending HBAR via JSON-RPC...
2026-02-14 07:27:05 | pacman | INFO |    ⚠️  SIMULATION MODE: Skipping broadcast.
2026-02-14 07:27:06 | pacman | INFO | 
💸 Initiating Transfer: 50.0 USDC -> 0.0.99999
2026-02-14 07:27:06 | pacman | INFO |    EVM Recipient: 0x000000000000000000000000000000000001869F
2026-02-14 07:37:29 | pacman | INFO | Loaded 44 unique pools from pacman_data_raw.json
2026-02-14 07:40:13 | pacman | INFO | Loaded 44 unique pools from pacman_data_raw.json
2026-02-14 07:40:15 | pacman | INFO | ✅ PacmanExecutor initialized
2026-02-14 07:40:15 | pacman | INFO |    Hedera Account: 0.0.8213379 (Native ID)
2026-02-14 07:40:15 | pacman | INFO |    EVM Address:    0x76D2580A07Eebaa790a286df2BD1f8b13655C5fa (Ethereum Mirror)
2026-02-14 07:40:15 | pacman | INFO |    Network:        mainnet
2026-02-14 07:40:35 | pacman | INFO | Loaded 44 unique pools from pacman_data_raw.json
2026-02-14 07:40:36 | pacman | INFO | Loaded 44 unique pools from pacman_data_raw.json
2026-02-14 07:43:13 | pacman | INFO | ✅ PacmanExecutor initialized
2026-02-14 07:43:13 | pacman | INFO |    Hedera Account: 0.0.8213379 (Native ID)
2026-02-14 07:43:13 | pacman | INFO |    EVM Address:    0x76D2580A07Eebaa790a286df2BD1f8b13655C5fa (Ethereum Mirror)
2026-02-14 07:43:13 | pacman | INFO |    Network:        mainnet
2026-02-14 07:47:05 | pacman | INFO | Loaded 44 unique pools from pacman_data_raw.json
2026-02-14 07:47:08 | pacman | INFO | ✅ PacmanExecutor initialized
2026-02-14 07:47:08 | pacman | INFO |    Hedera Account: 0.0.8213379 (Native ID)
2026-02-14 07:47:08 | pacman | INFO |    EVM Address:    0x76D2580A07Eebaa790a286df2BD1f8b13655C5fa (Ethereum Mirror)
2026-02-14 07:47:08 | pacman | INFO |    Network:        mainnet
2026-02-14 07:56:56 | pacman | INFO | Loaded 44 unique pools from pacman_data_raw.json
2026-02-14 07:57:44 | pacman | INFO | Loaded 44 unique pools from pacman_data_raw.json
2026-02-14 07:57:44 | pacman | INFO | Loaded 44 unique pools from pacman_data_raw.json
2026-02-14 08:00:21 | pacman | INFO | Loaded 44 unique pools from pacman_data_raw.json
2026-02-14 08:00:22 | pacman | INFO | Loaded 44 unique pools from pacman_data_raw.json
2026-02-14 08:00:34 | pacman | INFO | Loaded 44 unique pools from pacman_data_raw.json
2026-02-14 08:00:34 | pacman | INFO | Loaded 44 unique pools from pacman_data_raw.json
2026-02-14 08:00:34 | pacman | INFO | Loaded 44 unique pools from pacman_data_raw.json
2026-02-14 08:00:34 | pacman | INFO | Loaded 44 unique pools from pacman_data_raw.json
2026-02-14 08:00:39 | pacman | INFO | ✅ PacmanExecutor initialized
2026-02-14 08:00:39 | pacman | INFO |    Hedera Account: 0.0.8213379 (Native ID)
2026-02-14 08:00:39 | pacman | INFO |    EVM Address:    0x76D2580A07Eebaa790a286df2BD1f8b13655C5fa (Ethereum Mirror)
2026-02-14 08:00:39 | pacman | INFO |    Network:        mainnet
2026-02-14 08:02:38 | pacman | INFO | Loaded 44 unique pools from pacman_data_raw.json
2026-02-14 08:09:08 | pacman | INFO | Loaded 44 unique pools from pacman_data_raw.json
2026-02-14 08:09:09 | pacman | INFO | Loaded 44 unique pools from pacman_data_raw.json
2026-02-14 08:09:10 | pacman | INFO | Loaded 44 unique pools from pacman_data_raw.json
2026-02-14 08:12:01 | pacman | INFO | Loaded 44 unique pools from pacman_data_raw.json
2026-02-14 08:13:44 | pacman | INFO | Loaded 44 unique pools from pacman_data_raw.json
2026-02-14 08:24:14 | pacman | INFO | Loaded 44 unique pools from pacman_data_raw.json
2026-02-14 08:24:19 | pacman | INFO | Loaded 44 unique pools from pacman_data_raw.json
2026-02-14 08:24:40 | pacman | INFO | Loaded 44 unique pools from pacman_data_raw.json
2026-02-14 08:24:40 | pacman | INFO | Loaded 44 unique pools from pacman_data_raw.json
2026-02-14 08:25:15 | pacman | INFO | Loaded 44 unique pools from pacman_data_raw.json
2026-02-14 08:28:05 | pacman | INFO | Loaded 44 unique pools from pacman_data_raw.json
2026-02-14 08:28:33 | pacman | INFO | ✅ PacmanExecutor initialized
2026-02-14 08:28:33 | pacman | INFO |    Hedera Account: 0.0.8213379 (Native ID)
2026-02-14 08:28:33 | pacman | INFO |    EVM Address:    0x76D2580A07Eebaa790a286df2BD1f8b13655C5fa (Ethereum Mirror)
2026-02-14 08:28:33 | pacman | INFO |    Network:        mainnet
2026-02-14 10:38:16 | pacman | INFO | Loaded 44 unique pools from pacman_data_raw.json
2026-02-14 10:38:33 | pacman | INFO | ✅ PacmanExecutor initialized
2026-02-14 10:38:33 | pacman | INFO |    Hedera Account: 0.0.8213379 (Native ID)
2026-02-14 10:38:33 | pacman | INFO |    EVM Address:    0x76D2580A07Eebaa790a286df2BD1f8b13655C5fa (Ethereum Mirror)
2026-02-14 10:38:33 | pacman | INFO |    Network:        mainnet
2026-02-14 11:29:14 | pacman | INFO | Loaded 44 unique pools from pacman_data_raw.json
2026-02-14 11:29:32 | pacman | INFO | ✅ PacmanExecutor initialized
2026-02-14 11:29:32 | pacman | INFO |    Hedera Account: 0.0.8213379 (Native ID)
2026-02-14 11:29:32 | pacman | INFO |    EVM Address:    0x76D2580A07Eebaa790a286df2BD1f8b13655C5fa (Ethereum Mirror)
2026-02-14 11:29:32 | pacman | INFO |    Network:        mainnet
2026-02-14 11:48:32 | pacman | INFO | Loaded 44 unique pools from pacman_data_raw.json
2026-02-14 11:48:33 | pacman | INFO | ✅ PacmanExecutor initialized
2026-02-14 11:48:33 | pacman | INFO |    Hedera Account: 0.0.8213379 (Native ID)
2026-02-14 11:48:33 | pacman | INFO |    EVM Address:    0x76D2580A07Eebaa790a286df2BD1f8b13655C5fa (Ethereum Mirror)
2026-02-14 11:48:33 | pacman | INFO |    Network:        mainnet
2026-02-14 11:48:37 | pacman | INFO | Loaded 44 unique pools from pacman_data_raw.json
2026-02-14 11:48:38 | pacman | INFO | Loaded 44 unique pools from pacman_data_raw.json
2026-02-14 11:53:08 | pacman | INFO | Loaded 44 unique pools from pacman_data_raw.json
2026-02-14 11:54:01 | pacman | INFO | Loaded 44 unique pools from pacman_data_raw.json
2026-02-14 11:54:08 | pacman | INFO | ✅ PacmanExecutor initialized
2026-02-14 11:54:08 | pacman | INFO |    Hedera Account: 0.0.8213379 (Native ID)
2026-02-14 11:54:08 | pacman | INFO |    EVM Address:    0x76D2580A07Eebaa790a286df2BD1f8b13655C5fa (Ethereum Mirror)
2026-02-14 11:54:08 | pacman | INFO |    Network:        mainnet
2026-02-14 12:01:06 | pacman | INFO | Loaded 44 unique pools from pacman_data_raw.json
2026-02-14 12:01:07 | pacman | INFO | ✅ PacmanExecutor initialized
2026-02-14 12:01:07 | pacman | INFO |    Hedera Account: 0.0.8213379 (Native ID)
2026-02-14 12:01:07 | pacman | INFO |    EVM Address:    0x76D2580A07Eebaa790a286df2BD1f8b13655C5fa (Ethereum Mirror)
2026-02-14 12:01:07 | pacman | INFO |    Network:        mainnet
2026-02-14 12:01:11 | pacman | INFO | Loaded 44 unique pools from pacman_data_raw.json
2026-02-14 12:02:03 | pacman | INFO | Loaded 44 unique pools from pacman_data_raw.json
2026-02-14 12:03:09 | pacman | INFO | Loaded 44 unique pools from pacman_data_raw.json
2026-02-14 12:03:10 | pacman | INFO | ✅ PacmanExecutor initialized
2026-02-14 12:03:10 | pacman | INFO |    Hedera Account: 0.0.8213379 (Native ID)
2026-02-14 12:03:10 | pacman | INFO |    EVM Address:    0x76D2580A07Eebaa790a286df2BD1f8b13655C5fa (Ethereum Mirror)
2026-02-14 12:03:10 | pacman | INFO |    Network:        mainnet
2026-02-14 12:03:59 | pacman | INFO | Loaded 44 unique pools from pacman_data_raw.json
2026-02-14 12:04:00 | pacman | INFO | Loaded 44 unique pools from pacman_data_raw.json
2026-02-14 12:04:02 | pacman | INFO | ✅ PacmanExecutor initialized
2026-02-14 12:04:02 | pacman | INFO |    Hedera Account: 0.0.8213379 (Native ID)
2026-02-14 12:04:02 | pacman | INFO |    EVM Address:    0x76D2580A07Eebaa790a286df2BD1f8b13655C5fa (Ethereum Mirror)
2026-02-14 12:04:02 | pacman | INFO |    Network:        mainnet
2026-02-14 12:14:48 | pacman | INFO | Loaded 44 unique pools from pacman_data_raw.json
2026-02-14 12:14:48 | pacman | INFO | Loaded 44 unique pools from pacman_data_raw.json
2026-02-14 12:14:49 | pacman | INFO | ✅ PacmanExecutor initialized
2026-02-14 12:14:49 | pacman | INFO |    Hedera Account: 0.0.8213379 (Native ID)
2026-02-14 12:14:49 | pacman | INFO |    EVM Address:    0x76D2580A07Eebaa790a286df2BD1f8b13655C5fa (Ethereum Mirror)
2026-02-14 12:14:49 | pacman | INFO |    Network:        mainnet
2026-02-14 12:16:22 | pacman | INFO | Loaded 44 unique pools from pacman_data_raw.json
2026-02-14 12:17:05 | pacman | INFO | Loaded 44 unique pools from pacman_data_raw.json
2026-02-14 12:17:17 | pacman | INFO | ✅ PacmanExecutor initialized
2026-02-14 12:17:17 | pacman | INFO |    Hedera Account: 0.0.8213379 (Native ID)
2026-02-14 12:17:17 | pacman | INFO |    EVM Address:    0x76D2580A07Eebaa790a286df2BD1f8b13655C5fa (Ethereum Mirror)
2026-02-14 12:17:17 | pacman | INFO |    Network:        mainnet
2026-02-14 12:19:15 | pacman | INFO | 
🚀 Executing swap: 0.5 USDC_HTS → USDC
2026-02-14 12:19:15 | pacman | INFO |    Mode: EXACT_OUT (LIVE)
2026-02-14 12:19:15 | pacman | INFO |    Steps: 1
2026-02-14 12:19:16 | pacman | INFO |    ✅ Associated.
2026-02-14 12:19:16 | pacman | INFO | 
📍 Step 1/1: SWAP
2026-02-14 12:19:19 | pacman | INFO |    ⏳ Waiting for on-chain confirmation...
2026-02-14 12:19:25 | pacman | INFO |    ✅ Confirmed! Cost: 1081268400.00000000 HBAR (131862 gas)
2026-02-14 12:19:25 | pacman | INFO |    ⏳ Verifying transaction on-chain: ae9bac3028859d756b6b3f8cddda4fbb7808c9dc5f29f6389c0024ac594b4b18...
2026-02-14 12:19:26 | pacman | INFO | 
📝 Execution recorded: execution_records/exec_20260214_121926_USDC_HTS_to_USDC.json
2026-02-14 12:29:44 | pacman | INFO | Loaded 44 unique pools from pacman_data_raw.json
2026-02-14 12:29:52 | pacman | INFO | Loaded 44 unique pools from pacman_data_raw.json
2026-02-14 12:29:52 | pacman | INFO | Loaded 44 unique pools from pacman_data_raw.json
2026-02-14 12:29:54 | pacman | INFO | ✅ PacmanExecutor initialized
2026-02-14 12:29:54 | pacman | INFO |    Hedera Account: 0.0.8213379 (Native ID)
2026-02-14 12:29:54 | pacman | INFO |    EVM Address:    0x76D2580A07Eebaa790a286df2BD1f8b13655C5fa (Ethereum Mirror)
2026-02-14 12:29:54 | pacman | INFO |    Network:        mainnet
2026-02-14 12:41:10 | pacman | INFO | Loaded 44 unique pools from pacman_data_raw.json
2026-02-14 12:41:11 | pacman | INFO | ✅ PacmanExecutor initialized
2026-02-14 12:41:11 | pacman | INFO |    Hedera Account: 0.0.8213379 (Native ID)
2026-02-14 12:41:11 | pacman | INFO |    EVM Address:    0x76D2580A07Eebaa790a286df2BD1f8b13655C5fa (Ethereum Mirror)
2026-02-14 12:41:11 | pacman | INFO |    Network:        mainnet
2026-02-14 12:41:43 | pacman | INFO | Loaded 44 unique pools from pacman_data_raw.json
2026-02-14 12:41:43 | pacman | INFO | Loaded 44 unique pools from pacman_data_raw.json
2026-02-14 12:42:04 | pacman | INFO | Loaded 44 unique pools from pacman_data_raw.json
2026-02-14 12:42:18 | pacman | INFO | ✅ PacmanExecutor initialized
2026-02-14 12:42:18 | pacman | INFO |    Hedera Account: 0.0.8213379 (Native ID)
2026-02-14 12:42:18 | pacman | INFO |    EVM Address:    0x76D2580A07Eebaa790a286df2BD1f8b13655C5fa (Ethereum Mirror)
2026-02-14 12:42:18 | pacman | INFO |    Network:        mainnet
2026-02-14 12:42:30 | pacman | INFO | 
🚀 Executing swap: 5.0 HBAR → USDC
2026-02-14 12:42:30 | pacman | INFO |    Mode: EXACT_IN (LIVE)
2026-02-14 12:42:30 | pacman | INFO |    Steps: 1
2026-02-14 12:42:30 | pacman | INFO |    ✅ Associated.
2026-02-14 12:42:30 | pacman | INFO | 
📍 Step 1/1: SWAP
2026-02-14 12:42:32 | pacman | INFO |    ⏳ Waiting for on-chain confirmation...
2026-02-14 12:42:39 | pacman | INFO |    ✅ Confirmed! Cost: 1535974800.00000000 HBAR (187314 gas)
2026-02-14 12:42:39 | pacman | INFO |    ⏳ Verifying transaction on-chain: 9b9d6802d3e80fd0fec7d0b44fbb167b1b8a3fd103af55803608ee8e52526d2f...
2026-02-14 12:42:40 | pacman | INFO | 
📝 Execution recorded: execution_records/exec_20260214_124240_HBAR_to_USDC.json
2026-02-14 19:46:46 | pacman | INFO | Loaded 44 unique pools from data/pacman_data_raw.json
2026-02-14 19:50:24 | pacman | INFO | Loaded 44 unique pools from data/pacman_data_raw.json
2026-02-14 19:50:26 | pacman | INFO | Loaded 44 unique pools from data/pacman_data_raw.json
2026-02-14 19:50:27 | pacman | INFO | ✅ PacmanExecutor initialized
2026-02-14 19:50:27 | pacman | INFO |    Hedera Account: 0.0.8213379 (Native ID)
2026-02-14 19:50:27 | pacman | INFO |    EVM Address:    0x76D2580A07Eebaa790a286df2BD1f8b13655C5fa (Ethereum Mirror)
2026-02-14 19:50:27 | pacman | INFO |    Network:        mainnet
2026-02-14 20:15:52 | pacman | INFO | Loaded 44 unique pools from data/pacman_data_raw.json
2026-02-14 20:15:55 | pacman | INFO | ✅ PacmanExecutor initialized
2026-02-14 20:15:55 | pacman | INFO |    Hedera Account: 0.0.8213379 (Native ID)
2026-02-14 20:15:55 | pacman | INFO |    EVM Address:    0x76D2580A07Eebaa790a286df2BD1f8b13655C5fa (Ethereum Mirror)
2026-02-14 20:15:55 | pacman | INFO |    Network:        mainnet
2026-02-14 20:26:57 | pacman | INFO | Loaded 44 unique pools from data/pacman_data_raw.json
2026-02-14 20:29:57 | pacman | INFO | Loaded 44 unique pools from data/pacman_data_raw.json
2026-02-14 20:40:10 | pacman | INFO | Loaded 44 unique pools from data/pacman_data_raw.json
2026-02-14 20:40:11 | pacman | INFO | Loaded 44 unique pools from data/pacman_data_raw.json
2026-02-14 20:40:11 | pacman | INFO | Loaded 44 unique pools from data/pacman_data_raw.json
2026-02-14 20:40:14 | pacman | INFO | ✅ PacmanExecutor initialized
2026-02-14 20:40:14 | pacman | INFO |    Hedera Account: 0.0.8213379 (Native ID)
2026-02-14 20:40:14 | pacman | INFO |    EVM Address:    0x76D2580A07Eebaa790a286df2BD1f8b13655C5fa (Ethereum Mirror)
2026-02-14 20:40:14 | pacman | INFO |    Network:        mainnet
2026-02-14 20:40:15 | pacman | INFO | Loaded 44 unique pools from data/pacman_data_raw.json
2026-02-14 20:40:16 | pacman | INFO | ✅ PacmanExecutor initialized
2026-02-14 20:40:16 | pacman | INFO |    Hedera Account: 0.0.8213379 (Native ID)
2026-02-14 20:40:16 | pacman | INFO |    EVM Address:    0x76D2580A07Eebaa790a286df2BD1f8b13655C5fa (Ethereum Mirror)
2026-02-14 20:40:16 | pacman | INFO |    Network:        mainnet
2026-02-14 20:41:43 | pacman | INFO | Loaded 44 unique pools from data/pacman_data_raw.json
2026-02-14 20:41:45 | pacman | INFO | ✅ PacmanExecutor initialized
2026-02-14 20:41:45 | pacman | INFO |    Hedera Account: 0.0.8213379 (Native ID)
2026-02-14 20:41:45 | pacman | INFO |    EVM Address:    0x76D2580A07Eebaa790a286df2BD1f8b13655C5fa (Ethereum Mirror)
2026-02-14 20:41:45 | pacman | INFO |    Network:        mainnet
2026-02-14 20:41:59 | pacman | INFO | Loaded 44 unique pools from data/pacman_data_raw.json
2026-02-14 20:42:00 | pacman | INFO | ✅ PacmanExecutor initialized
2026-02-14 20:42:00 | pacman | INFO |    Hedera Account: 0.0.8213379 (Native ID)
2026-02-14 20:42:00 | pacman | INFO |    EVM Address:    0x76D2580A07Eebaa790a286df2BD1f8b13655C5fa (Ethereum Mirror)
2026-02-14 20:42:00 | pacman | INFO |    Network:        mainnet
2026-02-14 20:42:07 | pacman | INFO | Loaded 44 unique pools from data/pacman_data_raw.json
2026-02-14 20:42:09 | pacman | INFO | ✅ PacmanExecutor initialized
2026-02-14 20:42:09 | pacman | INFO |    Hedera Account: 0.0.8213379 (Native ID)
2026-02-14 20:42:09 | pacman | INFO |    EVM Address:    0x76D2580A07Eebaa790a286df2BD1f8b13655C5fa (Ethereum Mirror)
2026-02-14 20:42:09 | pacman | INFO |    Network:        mainnet
2026-02-14 20:52:20 | pacman | INFO | Loaded 44 unique pools from data/pacman_data_raw.json
2026-02-14 20:52:21 | pacman | INFO | ✅ PacmanExecutor initialized
2026-02-14 20:52:21 | pacman | INFO |    Hedera Account: 0.0.8213379 (Native ID)
2026-02-14 20:52:21 | pacman | INFO |    EVM Address:    0x76D2580A07Eebaa790a286df2BD1f8b13655C5fa (Ethereum Mirror)
2026-02-14 20:52:21 | pacman | INFO |    Network:        mainnet
2026-02-14 20:52:26 | pacman | INFO | Loaded 44 unique pools from data/pacman_data_raw.json
2026-02-14 20:52:27 | pacman | INFO | ✅ PacmanExecutor initialized
2026-02-14 20:52:27 | pacman | INFO |    Hedera Account: 0.0.8213379 (Native ID)
2026-02-14 20:52:27 | pacman | INFO |    EVM Address:    0x76D2580A07Eebaa790a286df2BD1f8b13655C5fa (Ethereum Mirror)
2026-02-14 20:52:27 | pacman | INFO |    Network:        mainnet
2026-02-14 20:53:18 | pacman | INFO | Loaded 44 unique pools from data/pacman_data_raw.json
2026-02-14 20:53:20 | pacman | INFO | ✅ PacmanExecutor initialized
2026-02-14 20:53:20 | pacman | INFO |    Hedera Account: 0.0.8213379 (Native ID)
2026-02-14 20:53:20 | pacman | INFO |    EVM Address:    0x76D2580A07Eebaa790a286df2BD1f8b13655C5fa (Ethereum Mirror)
2026-02-14 20:53:20 | pacman | INFO |    Network:        mainnet
2026-02-14 20:53:31 | pacman | INFO | Loaded 44 unique pools from data/pacman_data_raw.json
2026-02-14 20:53:32 | pacman | INFO | ✅ PacmanExecutor initialized
2026-02-14 20:53:32 | pacman | INFO |    Hedera Account: 0.0.8213379 (Native ID)
2026-02-14 20:53:32 | pacman | INFO |    EVM Address:    0x76D2580A07Eebaa790a286df2BD1f8b13655C5fa (Ethereum Mirror)
2026-02-14 20:53:32 | pacman | INFO |    Network:        mainnet
2026-02-14 20:54:31 | pacman | INFO | Loaded 44 unique pools from data/pacman_data_raw.json
2026-02-14 20:54:34 | pacman | INFO | Loaded 44 unique pools from data/pacman_data_raw.json
2026-02-14 20:54:42 | pacman | INFO | Loaded 44 unique pools from data/pacman_data_raw.json
2026-02-14 20:57:22 | pacman | INFO | Loaded 44 unique pools from data/pacman_data_raw.json
2026-02-14 20:57:23 | pacman | INFO | ✅ PacmanExecutor initialized
2026-02-14 20:57:23 | pacman | INFO |    Hedera Account: 0.0.8213379 (Native ID)
2026-02-14 20:57:23 | pacman | INFO |    EVM Address:    0x76D2580A07Eebaa790a286df2BD1f8b13655C5fa (Ethereum Mirror)
2026-02-14 20:57:23 | pacman | INFO |    Network:        mainnet
2026-02-15 07:40:22 | pacman | INFO | Loaded 44 unique pools from data/pacman_data_raw.json
2026-02-15 07:41:09 | pacman | INFO | ✅ PacmanExecutor initialized
2026-02-15 07:41:09 | pacman | INFO |    Hedera Account: 0.0.8213379 (Native ID)
2026-02-15 07:41:09 | pacman | INFO |    EVM Address:    0x76D2580A07Eebaa790a286df2BD1f8b13655C5fa (Ethereum Mirror)
2026-02-15 07:41:09 | pacman | INFO |    Network:        mainnet
2026-02-15 07:43:08 | pacman | INFO | Loaded 44 unique pools from data/pacman_data_raw.json
2026-02-15 07:43:12 | pacman | INFO | Loaded 44 unique pools from data/pacman_data_raw.json
2026-02-15 07:43:14 | pacman | INFO | ✅ PacmanExecutor initialized
2026-02-15 07:43:14 | pacman | INFO |    Hedera Account: 0.0.8213379 (Native ID)
2026-02-15 07:43:14 | pacman | INFO |    EVM Address:    0x76D2580A07Eebaa790a286df2BD1f8b13655C5fa (Ethereum Mirror)
2026-02-15 07:43:14 | pacman | INFO |    Network:        mainnet
2026-02-15 07:44:07 | pacman | INFO | Loaded 44 unique pools from data/pacman_data_raw.json
2026-02-15 07:44:51 | pacman | INFO | Loaded 44 unique pools from data/pacman_data_raw.json
2026-02-15 07:56:40 | pacman | DEBUG | Verbose Mode Enabled
2026-02-15 07:56:40 | pacman | INFO | Loaded 44 unique pools from data/pacman_data_raw.json
2026-02-15 08:00:53 | pacman | INFO | ✅ PacmanExecutor initialized
2026-02-15 08:00:53 | pacman | DEBUG |    RPC Provider:   https://mainnet.hashio.io/api
2026-02-15 08:00:53 | pacman | DEBUG |    Chain ID:      146
2026-02-15 08:00:53 | pacman | INFO |    Hedera Account: 0.0.8213379 (Native ID)
2026-02-15 08:00:53 | pacman | INFO |    EVM Address:    0x76D2580A07Eebaa790a286df2BD1f8b13655C5fa (Ethereum Mirror)
2026-02-15 08:00:53 | pacman | INFO |    Network:        mainnet
2026-02-15 08:10:42 | pacman | DEBUG | Verbose Mode Enabled
2026-02-15 08:12:47 | pacman | DEBUG | Verbose Mode Enabled
2026-02-15 08:12:47 | pacman | INFO | Loaded 44 unique pools from data/pacman_data_raw.json
2026-02-15 08:12:47 | pacman | DEBUG | Routing request: HBAR -> USDC ($5.0)
2026-02-15 08:12:47 | pacman | DEBUG |       - Symbols: HBAR -> USDC
2026-02-15 08:12:47 | pacman | DEBUG |       [✓] Direct pool found for ('HBAR', 'USDC')
2026-02-15 08:12:47 | pacman | DEBUG |       - Symbols: HBAR -> USDC
2026-02-15 08:12:47 | pacman | DEBUG |       [✓] Direct pool found for ('HBAR', 'USDC')
2026-02-15 08:14:52 | pacman | INFO | Loaded 44 unique pools from data/pacman_data_raw.json
2026-02-15 08:15:47 | pacman | INFO | Loaded 44 unique pools from data/pacman_data_raw.json
2026-02-15 08:15:55 | pacman | DEBUG | Verbose Mode Enabled (Initialization)
2026-02-15 08:15:55 | pacman | INFO | Loaded 44 unique pools from data/pacman_data_raw.json
2026-02-15 08:16:00 | pacman | DEBUG | Routing request: HBAR -> USDC ($1.0)
2026-02-15 08:16:00 | pacman | DEBUG |       - Symbols: HBAR -> USDC
2026-02-15 08:16:00 | pacman | DEBUG |       [✓] Direct pool found for ('HBAR', 'USDC')
2026-02-15 08:16:00 | pacman | DEBUG |       - Symbols: HBAR -> USDC
2026-02-15 08:16:00 | pacman | DEBUG |       [✓] Direct pool found for ('HBAR', 'USDC')
2026-02-15 08:16:06 | pacman | INFO | ✅ PacmanExecutor initialized
2026-02-15 08:16:06 | pacman | DEBUG |    RPC Provider:   https://mainnet.hashio.io/api
2026-02-15 08:16:06 | pacman | DEBUG |    Chain ID:      146
2026-02-15 08:16:06 | pacman | INFO |    Hedera Account: 0.0.8213379 (Native ID)
2026-02-15 08:16:06 | pacman | INFO |    EVM Address:    0x76D2580A07Eebaa790a286df2BD1f8b13655C5fa (Ethereum Mirror)
2026-02-15 08:16:06 | pacman | INFO |    Network:        mainnet
2026-02-15 08:16:06 | pacman | INFO | 
🚀 Executing swap: 1.0 HBAR → USDC
2026-02-15 08:16:06 | pacman | INFO |    Mode: EXACT_IN (LIVE)
2026-02-15 08:16:06 | pacman | INFO |    Steps: 1
2026-02-15 08:16:07 | pacman | INFO |    ✅ Associated.
2026-02-15 08:16:07 | pacman | INFO | 
📍 Step 1/1: SWAP
2026-02-15 08:16:07 | pacman | DEBUG |    From: HBAR -> To: USDC
2026-02-15 08:16:07 | pacman | DEBUG |    Contract: 0.0.3949434
2026-02-15 08:16:09 | pacman | INFO |    ⏳ Waiting for on-chain confirmation...
2026-02-15 08:16:14 | pacman | INFO |    ✅ Confirmed! Cost: 274708200.00000000 HBAR (33501 gas)
2026-02-15 08:16:14 | pacman | INFO |    ⏳ Verifying transaction on-chain: b10aba44d7e01b1070e5d56e938ec0f28eb22e865ff6c404d07dc457f0443236...
2026-02-15 08:16:15 | pacman | INFO | 
📝 Execution recorded: execution_records/exec_20260215_081615_HBAR_to_USDC.json
2026-02-15 08:17:56 | pacman | DEBUG | Verbose Mode Enabled (Initialization)
2026-02-15 08:17:56 | pacman | INFO | Loaded 44 unique pools from data/pacman_data_raw.json
2026-02-15 08:17:56 | pacman | DEBUG | Routing request: HBAR -> USDC ($5.0)
2026-02-15 08:17:56 | pacman | DEBUG |       - Symbols: HBAR -> USDC
2026-02-15 08:17:56 | pacman | DEBUG |       [✓] Direct pool found for ('HBAR', 'USDC')
2026-02-15 08:17:56 | pacman | DEBUG |       - Symbols: HBAR -> USDC
2026-02-15 08:17:56 | pacman | DEBUG |       [✓] Direct pool found for ('HBAR', 'USDC')
2026-02-15 08:19:05 | pacman | DEBUG | Verbose Mode Enabled (Initialization)
2026-02-15 08:19:05 | pacman | INFO | Loaded 44 unique pools from data/pacman_data_raw.json
2026-02-15 08:19:05 | pacman | DEBUG | Routing request: HBAR -> USDC ($5.0)
2026-02-15 08:19:05 | pacman | DEBUG |       - Symbols: HBAR -> USDC
2026-02-15 08:19:05 | pacman | DEBUG |       [✓] Direct pool found for ('HBAR', 'USDC')
2026-02-15 08:19:05 | pacman | DEBUG |       - Symbols: HBAR -> USDC
2026-02-15 08:19:05 | pacman | DEBUG |       [✓] Direct pool found for ('HBAR', 'USDC')
2026-02-15 08:21:29 | pacman | INFO | Loaded 44 unique pools from data/pacman_data_raw.json
2026-02-15 08:21:44 | pacman | INFO | ✅ PacmanExecutor initialized
2026-02-15 08:21:44 | pacman | INFO |    Hedera Account: 0.0.8213379 (Native ID)
2026-02-15 08:21:44 | pacman | INFO |    EVM Address:    0x76D2580A07Eebaa790a286df2BD1f8b13655C5fa (Ethereum Mirror)
2026-02-15 08:21:44 | pacman | INFO |    Network:        mainnet
2026-02-15 08:21:44 | pacman | INFO | 
🚀 Executing swap: 1.0 HBAR → USDC
2026-02-15 08:21:44 | pacman | INFO |    Mode: EXACT_IN (LIVE)
2026-02-15 08:21:45 | pacman | INFO |    ✅ Associated.
2026-02-15 08:21:45 | pacman | INFO | 
📍 Step 1/1: SWAP
2026-02-15 08:21:47 | pacman | INFO |    ⏳ Waiting for on-chain confirmation...
2026-02-15 08:21:54 | pacman | INFO |    ✅ Confirmed! Cost: 274708200.00000000 HBAR (33501 gas)
2026-02-15 08:21:54 | pacman | INFO |    ⏳ Verifying transaction on-chain: 1fc4dc00dcb43053af740162a339fa1a21168edfdd892f4d5867a9258ec7b693...
2026-02-15 08:21:54 | pacman | INFO | 
📝 Execution recorded: execution_records/exec_20260215_082154_HBAR_to_USDC.json
2026-02-15 08:36:03 | pacman | DEBUG | Verbose Mode Enabled (Initialization)
2026-02-15 08:36:03 | pacman | INFO | Loaded 15 unique pools from data/pacman_data_raw.json
2026-02-15 08:36:03 | pacman | DEBUG | Routing request: HBAR -> USDC ($1.0)
2026-02-15 08:36:03 | pacman | DEBUG |       - Symbols: HBAR -> USDC
2026-02-15 08:36:03 | pacman | DEBUG |       [✓] Direct pool found for ('USDC[HTS]', 'USDC')
2026-02-15 08:36:03 | pacman | DEBUG |       [✓] Direct pool found for ('SAUCE', 'USDC')
2026-02-15 08:36:03 | pacman | DEBUG |       [✗] No viable path found in graph
2026-02-15 08:36:03 | pacman | DEBUG |       - Symbols: HBAR -> USDC
2026-02-15 08:36:03 | pacman | DEBUG |       [✓] Direct pool found for ('USDC[HTS]', 'USDC')
2026-02-15 08:36:03 | pacman | DEBUG |       [✓] Direct pool found for ('SAUCE', 'USDC')
2026-02-15 08:36:03 | pacman | DEBUG |       [✗] No viable path found in graph
2026-02-15 08:38:44 | pacman | DEBUG | Verbose Mode Enabled (Initialization)
2026-02-15 08:38:44 | pacman | INFO | Loaded 44 unique pools from data/pacman_data_raw.json
2026-02-15 08:38:44 | pacman | DEBUG | Routing request: HBAR -> USDC ($1.0)
2026-02-15 08:38:44 | pacman | DEBUG |       - Symbols: HBAR -> USDC
2026-02-15 08:38:44 | pacman | DEBUG |       [✓] Direct pool found for ('HBAR', 'USDC')
2026-02-15 08:38:44 | pacman | DEBUG |       - Symbols: HBAR -> USDC
2026-02-15 08:38:44 | pacman | DEBUG |       [✓] Direct pool found for ('HBAR', 'USDC')
2026-02-15 08:39:08 | pacman | DEBUG | Confirmation received, starting execution phase...
2026-02-15 08:39:09 | pacman | DEBUG |    [RPC] Connecting to https://mainnet.hashio.io/api (timeout=10s)...
2026-02-15 08:39:09 | pacman | INFO | ✅ PacmanExecutor initialized
2026-02-15 08:39:09 | pacman | DEBUG |    RPC Provider:   https://mainnet.hashio.io/api
2026-02-15 08:39:09 | pacman | DEBUG |    Chain ID:      146
2026-02-15 08:39:09 | pacman | INFO |    Hedera Account: 0.0.8213379 (Native ID)
2026-02-15 08:39:09 | pacman | INFO |    EVM Address:    0x76D2580A07Eebaa790a286df2BD1f8b13655C5fa (Ethereum Mirror)
2026-02-15 08:39:09 | pacman | INFO |    Network:        mainnet
2026-02-15 08:39:09 | pacman | INFO | 
🚀 Executing swap: 1.0 HBAR → USDC
2026-02-15 08:39:09 | pacman | INFO |    Mode: EXACT_IN (LIVE)
2026-02-15 08:39:09 | pacman | DEBUG |    [DEBUG] Steps: 1
2026-02-15 08:39:09 | pacman | DEBUG |      -> SWAP: HBAR to USDC
2026-02-15 08:39:09 | pacman | INFO |    ✅ Associated.
2026-02-15 08:39:09 | pacman | INFO | 
📍 Step 1/1: SWAP
2026-02-15 08:39:09 | pacman | DEBUG |    From: HBAR -> To: USDC
2026-02-15 08:39:09 | pacman | DEBUG |    Contract: 0.0.3949434
2026-02-15 08:39:09 | pacman | DEBUG |       - Requesting Quote (Exact In): 100000000 0.0.1456986 -> 0.0.456858 @ fee 1500
2026-02-15 08:39:10 | pacman | DEBUG |       - Quote received: 104461
2026-02-15 08:39:10 | pacman | DEBUG |       - Fetching HBAR balance...
2026-02-15 08:39:10 | pacman | DEBUG |       - Current Balance: 254959146080000000000, Needed: 100000000
2026-02-15 08:39:11 | pacman | INFO |    ⏳ Waiting for on-chain confirmation...
2026-02-15 08:39:20 | pacman | INFO |    ✅ Confirmed! Cost: 1527405800.00000000 HBAR (186269 gas)
2026-02-15 08:39:20 | pacman | INFO |    ⏳ Verifying transaction on-chain: 57dabb3f71dd6a0a3b575e108f3235bae5f74245c64513e016148f193b37d2de...
2026-02-15 08:39:21 | pacman | INFO | 
📝 Execution recorded: execution_records/exec_20260215_083921_HBAR_to_USDC.json
2026-02-15 08:46:43 | pacman | INFO | Loaded 44 unique pools from data/pacman_data_raw.json
2026-02-15 08:46:53 | pacman | INFO | ✅ PacmanExecutor initialized
2026-02-15 08:46:53 | pacman | INFO |    Hedera Account: 0.0.8213379 (Native ID)
2026-02-15 08:46:53 | pacman | INFO |    EVM Address:    0x76D2580A07Eebaa790a286df2BD1f8b13655C5fa (Ethereum Mirror)
2026-02-15 08:46:53 | pacman | INFO |    Network:        mainnet
2026-02-15 08:46:53 | pacman | INFO | 
🚀 Executing swap: 1.0 HBAR → USDC
2026-02-15 08:46:53 | pacman | INFO |    Mode: EXACT_IN (LIVE)
2026-02-15 08:46:53 | pacman | INFO |    ✅ Associated.
2026-02-15 08:46:53 | pacman | INFO | 
📍 Step 1/1: SWAP
2026-02-15 08:46:55 | pacman | INFO |    ⏳ Waiting for on-chain confirmation...
2026-02-15 08:47:00 | pacman | INFO |    ✅ Confirmed! Cost: 1527405800.00000000 HBAR (186269 gas)
2026-02-15 08:47:00 | pacman | INFO |    ⏳ Verifying transaction on-chain: f7c375050630e8e19ce8ff25a77db2bbfeedad92b2d3d4c488a3f7144d0ad59b...
2026-02-15 08:47:01 | pacman | INFO | 
📝 Execution recorded: execution_records/exec_20260215_084701_HBAR_to_USDC.json
2026-02-15 09:28:46 | pacman | INFO | Loaded 44 unique pools from data/pacman_data_raw.json
2026-02-15 09:28:46 | pacman | INFO | Loaded 44 unique pools from data/pacman_data_raw.json
2026-02-15 09:28:54 | pacman | INFO | Loaded 44 unique pools from data/pacman_data_raw.json
2026-02-15 09:29:30 | pacman | INFO | Loaded 44 unique pools from data/pacman_data_raw.json
2026-02-15 09:31:25 | pacman | INFO | Loaded 44 unique pools from data/pacman_data_raw.json
2026-02-15 09:33:17 | pacman | INFO | Loaded 44 unique pools from data/pacman_data_raw.json
2026-02-15 09:35:41 | pacman | INFO | Loaded 44 unique pools from data/pacman_data_raw.json
2026-02-15 09:35:42 | pacman | INFO | Loaded 44 unique pools from data/pacman_data_raw.json
2026-02-15 09:35:49 | pacman | INFO | Loaded 44 unique pools from data/pacman_data_raw.json
2026-02-15 09:35:49 | pacman | INFO | Loaded 44 unique pools from data/pacman_data_raw.json
2026-02-15 09:35:57 | pacman | INFO | Loaded 44 unique pools from data/pacman_data_raw.json
2026-02-15 09:36:05 | pacman | INFO | Loaded 44 unique pools from data/pacman_data_raw.json
2026-02-15 09:36:26 | pacman | INFO | Loaded 44 unique pools from data/pacman_data_raw.json
2026-02-15 09:36:27 | pacman | INFO | Loaded 44 unique pools from data/pacman_data_raw.json
2026-02-15 09:36:35 | pacman | INFO | Loaded 44 unique pools from data/pacman_data_raw.json
2026-02-15 09:36:36 | pacman | INFO | Loaded 44 unique pools from data/pacman_data_raw.json
2026-02-15 09:36:50 | pacman | INFO | Loaded 44 unique pools from data/pacman_data_raw.json
2026-02-15 09:37:00 | pacman | INFO | Loaded 44 unique pools from data/pacman_data_raw.json
2026-02-15 09:38:06 | pacman | INFO | Loaded 44 unique pools from data/pacman_data_raw.json
2026-02-15 09:45:39 | pacman | ERROR | Failed to load pool data: 'PacmanVariantRouter' object has no attribute 'load_pools'
2026-02-15 09:45:39 | pacman | ERROR | Failed to load pool data: 'PacmanVariantRouter' object has no attribute 'load_pools'
2026-02-15 09:45:48 | pacman | ERROR | Failed to load pool data: 'PacmanVariantRouter' object has no attribute 'load_pools'
2026-02-15 09:46:04 | pacman | INFO | Loaded 7 unique pools into routing graph.
2026-02-15 09:46:04 | pacman | INFO | Loaded 7 unique pools into routing graph.
2026-02-15 16:11:26 | pacman | INFO | Loaded 7 unique pools into routing graph.
2026-02-15 16:13:57 | pacman | INFO | Loaded 7 unique pools into routing graph.
2026-02-15 16:14:15 | pacman | INFO | Loaded 7 unique pools into routing graph.
2026-02-15 16:17:49 | pacman | DEBUG | Verbose Mode Enabled (Initialization)
2026-02-15 16:17:49 | pacman | INFO | Loaded 7 unique pools into routing graph.
2026-02-15 16:19:54 | pacman | INFO | Loaded 7 unique pools into routing graph.
2026-02-15 16:20:36 | pacman | INFO | Loaded 7 unique pools into routing graph.
2026-02-15 16:22:05 | pacman | INFO | ✅ PacmanExecutor initialized
2026-02-15 16:22:05 | pacman | INFO |    Hedera Account: 0.0.8213379 (Native ID)
2026-02-15 16:22:05 | pacman | INFO |    EVM Address:    0x76D2580A07Eebaa790a286df2BD1f8b13655C5fa (Ethereum Mirror)
2026-02-15 16:22:05 | pacman | INFO |    Network:        mainnet
2026-02-15 17:01:07 | pacman | INFO | Loaded 7 unique pools into routing graph.
2026-02-15 17:01:07 | pacman | INFO | ✅ PacmanExecutor initialized
2026-02-15 17:01:07 | pacman | INFO |    Hedera Account: 0.0.8213379 (Native ID)
2026-02-15 17:01:07 | pacman | INFO |    EVM Address:    0x76D2580A07Eebaa790a286df2BD1f8b13655C5fa (Ethereum Mirror)
2026-02-15 17:01:07 | pacman | INFO |    Network:        mainnet
2026-02-15 17:01:41 | pacman | INFO | Loaded 7 unique pools into routing graph.
2026-02-15 17:01:41 | pacman | INFO | ✅ PacmanExecutor initialized
2026-02-15 17:01:41 | pacman | INFO |    Hedera Account: 0.0.8213379 (Native ID)
2026-02-15 17:01:41 | pacman | INFO |    EVM Address:    0x76D2580A07Eebaa790a286df2BD1f8b13655C5fa (Ethereum Mirror)
2026-02-15 17:01:41 | pacman | INFO |    Network:        mainnet
2026-02-15 17:02:20 | pacman | INFO | Loaded 7 unique pools into routing graph.
2026-02-15 17:02:20 | pacman | INFO | ✅ PacmanExecutor initialized
2026-02-15 17:02:20 | pacman | INFO |    Hedera Account: 0.0.8213379 (Native ID)
2026-02-15 17:02:20 | pacman | INFO |    EVM Address:    0x76D2580A07Eebaa790a286df2BD1f8b13655C5fa (Ethereum Mirror)
2026-02-15 17:02:20 | pacman | INFO |    Network:        mainnet
